<?xml version="1.0" encoding="UTF-8"?>
<testng-results ignored="0" total="1" passed="1" failed="0" skipped="0">
  <reporter-output>
  </reporter-output>
  <suite started-at="2025-03-05T12:09:14 IST" name="Default suite" finished-at="2025-03-05T12:09:43 IST" duration-ms="28831">
    <groups>
    </groups>
    <test started-at="2025-03-05T12:09:14 IST" name="Default test" finished-at="2025-03-05T12:09:43 IST" duration-ms="28831">
      <class name="patientPortal.patientAppointmentTest">
        <test-method is-config="true" signature="configBS()[pri:0, instance:patientPortal.patientAppointmentTest@130c12b7]" started-at="2025-03-05T12:09:14 IST" name="configBS" finished-at="2025-03-05T12:09:14 IST" duration-ms="17" status="PASS">
          <reporter-output>
          </reporter-output>
        </test-method> <!-- configBS -->
        <test-method is-config="true" signature="configBC()[pri:0, instance:patientPortal.patientAppointmentTest@130c12b7]" started-at="2025-03-05T12:09:14 IST" name="configBC" finished-at="2025-03-05T12:09:25 IST" duration-ms="11003" status="PASS">
          <reporter-output>
          </reporter-output>
        </test-method> <!-- configBC -->
        <test-method is-config="true" signature="configBM()[pri:0, instance:patientPortal.patientAppointmentTest@130c12b7]" started-at="2025-03-05T12:09:25 IST" name="configBM" finished-at="2025-03-05T12:09:34 IST" duration-ms="9287" status="PASS">
          <reporter-output>
          </reporter-output>
        </test-method> <!-- configBM -->
        <test-method signature="bookAndCancelAppointmentTest()[pri:0, instance:patientPortal.patientAppointmentTest@130c12b7]" started-at="2025-03-05T12:09:34 IST" name="bookAndCancelAppointmentTest" finished-at="2025-03-05T12:09:41 IST" duration-ms="6410" status="PASS">
          <reporter-output>
          </reporter-output>
        </test-method> <!-- bookAndCancelAppointmentTest -->
        <test-method is-config="true" signature="configAM()[pri:0, instance:patientPortal.patientAppointmentTest@130c12b7]" started-at="2025-03-05T12:09:41 IST" name="configAM" finished-at="2025-03-05T12:09:41 IST" duration-ms="524" status="PASS">
          <reporter-output>
          </reporter-output>
        </test-method> <!-- configAM -->
        <test-method is-config="true" signature="configAC()[pri:0, instance:patientPortal.patientAppointmentTest@130c12b7]" started-at="2025-03-05T12:09:41 IST" name="configAC" finished-at="2025-03-05T12:09:43 IST" duration-ms="1265" status="PASS">
          <reporter-output>
          </reporter-output>
        </test-method> <!-- configAC -->
        <test-method is-config="true" signature="configAS()[pri:0, instance:patientPortal.patientAppointmentTest@130c12b7]" started-at="2025-03-05T12:09:43 IST" name="configAS" finished-at="2025-03-05T12:09:43 IST" duration-ms="2" status="PASS">
          <reporter-output>
          </reporter-output>
        </test-method> <!-- configAS -->
      </class> <!-- patientPortal.patientAppointmentTest -->
    </test> <!-- Default test -->
  </suite> <!-- Default suite -->
</testng-results>
