<?xml version="1.0" encoding="UTF-8"?>
<!-- Generated by org.testng.reporters.JUnitXMLReporter -->
<testsuite ignored="1" hostname="Nayan" failures="0" tests="1" name="Default test" time="29.717" errors="0" timestamp="2025-02-25T10:45:11 IST">
  <testcase classname="patientPortal.UpdatePatientProfile" name="updatePatientPassword" time="8.642"/>
  <testcase classname="patientPortal.UpdatePatientProfile" name="updateCity" time="0.0">
    <ignored/>
  </testcase> <!-- updateCity -->
</testsuite> <!-- Default test -->
