<?xml version="1.0" encoding="UTF-8"?>
<!-- Generated by org.testng.reporters.JUnitXMLReporter -->
<testsuite ignored="2" hostname="Nayan" failures="0" tests="3" name="Test" time="65.907" errors="0" timestamp="2025-02-25T10:47:36 IST">
  <testcase classname="patientPortal.UpdatePatientProfile" name="updateCity" time="3.699"/>
  <testcase classname="patientPortal.UpdatePatientProfile" name="updatePatientPassword" time="6.585"/>
  <testcase classname="patientPortal.patientAppointment" name="bookAndCancelAppointment" time="3.957"/>
  <testcase classname="com.hms.generic.baseclass.BaseClass" name="@BeforeSuite configBS" time="0.0">
    <ignored/>
  </testcase> <!-- @BeforeSuite configBS -->
  <testcase classname="com.hms.generic.baseclass.BaseClass" name="@AfterSuite configAS" time="0.0">
    <ignored/>
  </testcase> <!-- @AfterSuite configAS -->
</testsuite> <!-- Test -->
